2024/07/16 08:05:40 [notice] 1#1: using the "epoll" event method
2024/07/16 08:05:40 [notice] 1#1: nginx/1.27.0
2024/07/16 08:05:40 [notice] 1#1: built by gcc 12.2.0 (Debian 12.2.0-14) 
2024/07/16 08:05:40 [notice] 1#1: OS: Linux 6.6.32-linuxkit
2024/07/16 08:05:40 [notice] 1#1: getrlimit(RLIMIT_NOFILE): 1048576:1048576
2024/07/16 08:05:40 [notice] 1#1: start worker processes
2024/07/16 08:05:40 [notice] 1#1: start worker process 28
2024/07/16 08:05:40 [notice] 1#1: start worker process 29
2024/07/16 08:05:40 [notice] 1#1: start worker process 30
2024/07/16 08:05:40 [notice] 1#1: start worker process 31
2024/07/16 08:05:40 [notice] 1#1: start worker process 32
2024/07/16 08:05:40 [notice] 1#1: start worker process 33
2024/07/16 08:05:40 [notice] 1#1: start worker process 34
2024/07/16 08:05:40 [notice] 1#1: start worker process 35
2024/07/16 08:05:40 [notice] 1#1: start worker process 36
2024/07/16 08:05:40 [notice] 1#1: start worker process 37
2024/07/16 08:08:13 [notice] 1#1: using the "epoll" event method
2024/07/16 08:08:13 [notice] 1#1: nginx/1.27.0
2024/07/16 08:08:13 [notice] 1#1: built by gcc 12.2.0 (Debian 12.2.0-14) 
2024/07/16 08:08:13 [notice] 1#1: OS: Linux 6.6.32-linuxkit
2024/07/16 08:08:13 [notice] 1#1: getrlimit(RLIMIT_NOFILE): 1048576:1048576
2024/07/16 08:08:13 [notice] 1#1: start worker processes
2024/07/16 08:08:13 [notice] 1#1: start worker process 29
2024/07/16 08:08:13 [notice] 1#1: start worker process 30
2024/07/16 08:08:13 [notice] 1#1: start worker process 31
2024/07/16 08:08:13 [notice] 1#1: start worker process 32
2024/07/16 08:08:13 [notice] 1#1: start worker process 33
2024/07/16 08:08:13 [notice] 1#1: start worker process 34
2024/07/16 08:08:13 [notice] 1#1: start worker process 35
2024/07/16 08:08:13 [notice] 1#1: start worker process 36
2024/07/16 08:08:13 [notice] 1#1: start worker process 37
2024/07/16 08:08:13 [notice] 1#1: start worker process 38
2024/07/16 16:26:31 [notice] 1#1: signal 3 (SIGQUIT) received, shutting down
2024/07/16 16:26:31 [notice] 29#29: gracefully shutting down
2024/07/16 16:26:31 [notice] 30#30: gracefully shutting down
2024/07/16 16:26:31 [notice] 33#33: gracefully shutting down
2024/07/16 16:26:31 [notice] 32#32: gracefully shutting down
2024/07/16 16:26:31 [notice] 35#35: gracefully shutting down
2024/07/16 16:26:31 [notice] 31#31: gracefully shutting down
2024/07/16 16:26:31 [notice] 34#34: gracefully shutting down
2024/07/16 16:26:31 [notice] 36#36: gracefully shutting down
2024/07/16 16:26:31 [notice] 38#38: gracefully shutting down
2024/07/16 16:26:31 [notice] 29#29: exiting
2024/07/16 16:26:31 [notice] 37#37: gracefully shutting down
2024/07/16 16:26:31 [notice] 30#30: exiting
2024/07/16 16:26:31 [notice] 33#33: exiting
2024/07/16 16:26:31 [notice] 36#36: exiting
2024/07/16 16:26:31 [notice] 32#32: exiting
2024/07/16 16:26:31 [notice] 34#34: exiting
2024/07/16 16:26:31 [notice] 38#38: exiting
2024/07/16 16:26:31 [notice] 31#31: exiting
2024/07/16 16:26:31 [notice] 35#35: exiting
2024/07/16 16:26:31 [notice] 38#38: exit
2024/07/16 16:26:31 [notice] 37#37: exiting
2024/07/16 16:26:31 [notice] 34#34: exit
2024/07/16 16:26:31 [notice] 31#31: exit
2024/07/16 16:26:31 [notice] 33#33: exit
2024/07/16 16:26:31 [notice] 29#29: exit
2024/07/16 16:26:31 [notice] 32#32: exit
2024/07/16 16:26:31 [notice] 35#35: exit
2024/07/16 16:26:31 [notice] 36#36: exit
2024/07/16 16:26:31 [notice] 30#30: exit
2024/07/16 16:26:31 [notice] 37#37: exit
2024/07/16 16:26:31 [notice] 1#1: signal 17 (SIGCHLD) received from 38
2024/07/16 16:26:31 [notice] 1#1: worker process 29 exited with code 0
2024/07/16 16:26:31 [notice] 1#1: worker process 30 exited with code 0
2024/07/16 16:26:31 [notice] 1#1: worker process 31 exited with code 0
2024/07/16 16:26:31 [notice] 1#1: worker process 33 exited with code 0
2024/07/16 16:26:31 [notice] 1#1: worker process 35 exited with code 0
2024/07/16 16:26:31 [notice] 1#1: worker process 36 exited with code 0
2024/07/16 16:26:31 [notice] 1#1: worker process 37 exited with code 0
2024/07/16 16:26:31 [notice] 1#1: worker process 38 exited with code 0
2024/07/16 16:26:31 [notice] 1#1: signal 29 (SIGIO) received
2024/07/16 16:26:31 [notice] 1#1: signal 17 (SIGCHLD) received from 33
2024/07/16 16:26:31 [notice] 1#1: signal 17 (SIGCHLD) received from 34
2024/07/16 16:26:31 [notice] 1#1: worker process 32 exited with code 0
2024/07/16 16:26:31 [notice] 1#1: worker process 34 exited with code 0
2024/07/16 16:26:31 [notice] 1#1: exit
2024/07/16 16:26:31 [notice] 1#1: using the "epoll" event method
2024/07/16 16:26:31 [notice] 1#1: nginx/1.27.0
2024/07/16 16:26:31 [notice] 1#1: built by gcc 12.2.0 (Debian 12.2.0-14) 
2024/07/16 16:26:31 [notice] 1#1: OS: Linux 6.6.32-linuxkit
2024/07/16 16:26:31 [notice] 1#1: getrlimit(RLIMIT_NOFILE): 1048576:1048576
2024/07/16 16:26:31 [notice] 1#1: start worker processes
2024/07/16 16:26:31 [notice] 1#1: start worker process 29
2024/07/16 16:26:31 [notice] 1#1: start worker process 30
2024/07/16 16:26:31 [notice] 1#1: start worker process 31
2024/07/16 16:26:31 [notice] 1#1: start worker process 32
2024/07/16 16:26:31 [notice] 1#1: start worker process 33
2024/07/16 16:26:31 [notice] 1#1: start worker process 34
2024/07/16 16:26:31 [notice] 1#1: start worker process 35
2024/07/16 16:26:31 [notice] 1#1: start worker process 36
2024/07/16 16:26:31 [notice] 1#1: start worker process 37
2024/07/16 16:26:31 [notice] 1#1: start worker process 38
2024/07/16 16:27:44 [notice] 46#46: signal process started
2024/07/16 16:27:44 [notice] 1#1: signal 1 (SIGHUP) received from 46, reconfiguring
2024/07/16 16:27:44 [notice] 1#1: reconfiguring
2024/07/16 16:27:44 [notice] 1#1: using the "epoll" event method
2024/07/16 16:27:44 [notice] 1#1: start worker processes
2024/07/16 16:27:44 [notice] 1#1: start worker process 47
2024/07/16 16:27:44 [notice] 1#1: start worker process 48
2024/07/16 16:27:44 [notice] 1#1: start worker process 49
2024/07/16 16:27:44 [notice] 1#1: start worker process 50
2024/07/16 16:27:44 [notice] 1#1: start worker process 51
2024/07/16 16:27:44 [notice] 1#1: start worker process 52
2024/07/16 16:27:44 [notice] 1#1: start worker process 53
2024/07/16 16:27:44 [notice] 1#1: start worker process 54
2024/07/16 16:27:44 [notice] 1#1: start worker process 55
2024/07/16 16:27:44 [notice] 1#1: start worker process 56
2024/07/16 16:27:44 [notice] 31#31: gracefully shutting down
2024/07/16 16:27:44 [notice] 29#29: gracefully shutting down
2024/07/16 16:27:44 [notice] 30#30: gracefully shutting down
2024/07/16 16:27:44 [notice] 34#34: gracefully shutting down
2024/07/16 16:27:44 [notice] 32#32: gracefully shutting down
2024/07/16 16:27:44 [notice] 35#35: gracefully shutting down
2024/07/16 16:27:44 [notice] 36#36: gracefully shutting down
2024/07/16 16:27:44 [notice] 38#38: gracefully shutting down
2024/07/16 16:27:44 [notice] 33#33: gracefully shutting down
2024/07/16 16:27:44 [notice] 37#37: gracefully shutting down
2024/07/16 16:27:44 [notice] 31#31: exiting
2024/07/16 16:27:44 [notice] 38#38: exiting
2024/07/16 16:27:44 [notice] 29#29: exiting
2024/07/16 16:27:44 [notice] 30#30: exiting
2024/07/16 16:27:44 [notice] 34#34: exiting
2024/07/16 16:27:44 [notice] 32#32: exiting
2024/07/16 16:27:44 [notice] 35#35: exiting
2024/07/16 16:27:44 [notice] 36#36: exiting
2024/07/16 16:27:44 [notice] 33#33: exiting
2024/07/16 16:27:44 [notice] 37#37: exiting
2024/07/16 16:27:44 [notice] 31#31: exit
2024/07/16 16:27:44 [notice] 36#36: exit
2024/07/16 16:27:44 [notice] 38#38: exit
2024/07/16 16:27:44 [notice] 29#29: exit
2024/07/16 16:27:44 [notice] 30#30: exit
2024/07/16 16:27:44 [notice] 34#34: exit
2024/07/16 16:27:44 [notice] 32#32: exit
2024/07/16 16:27:44 [notice] 35#35: exit
2024/07/16 16:27:44 [notice] 33#33: exit
2024/07/16 16:27:44 [notice] 37#37: exit
2024/07/16 16:27:44 [notice] 1#1: signal 17 (SIGCHLD) received from 34
2024/07/16 16:27:44 [notice] 1#1: worker process 34 exited with code 0
2024/07/16 16:27:44 [notice] 1#1: signal 29 (SIGIO) received
2024/07/16 16:27:44 [notice] 1#1: signal 17 (SIGCHLD) received from 32
2024/07/16 16:27:44 [notice] 1#1: worker process 29 exited with code 0
2024/07/16 16:27:44 [notice] 1#1: worker process 30 exited with code 0
2024/07/16 16:27:44 [notice] 1#1: worker process 31 exited with code 0
2024/07/16 16:27:44 [notice] 1#1: worker process 32 exited with code 0
2024/07/16 16:27:44 [notice] 1#1: worker process 35 exited with code 0
2024/07/16 16:27:44 [notice] 1#1: worker process 36 exited with code 0
2024/07/16 16:27:44 [notice] 1#1: worker process 37 exited with code 0
2024/07/16 16:27:44 [notice] 1#1: worker process 38 exited with code 0
2024/07/16 16:27:44 [notice] 1#1: signal 29 (SIGIO) received
2024/07/16 16:27:44 [notice] 1#1: signal 17 (SIGCHLD) received from 31
2024/07/16 16:27:44 [notice] 1#1: signal 17 (SIGCHLD) received from 33
2024/07/16 16:27:44 [notice] 1#1: worker process 33 exited with code 0
2024/07/16 16:27:44 [notice] 1#1: signal 29 (SIGIO) received
2024/07/16 16:27:58 [notice] 57#57: signal process started
2024/07/16 16:27:58 [notice] 1#1: signal 1 (SIGHUP) received from 57, reconfiguring
2024/07/16 16:27:58 [notice] 1#1: reconfiguring
2024/07/16 16:27:58 [notice] 1#1: using the "epoll" event method
2024/07/16 16:27:58 [notice] 1#1: start worker processes
2024/07/16 16:27:58 [notice] 1#1: start worker process 63
2024/07/16 16:27:58 [notice] 1#1: start worker process 64
2024/07/16 16:27:58 [notice] 1#1: start worker process 65
2024/07/16 16:27:58 [notice] 1#1: start worker process 66
2024/07/16 16:27:58 [notice] 1#1: start worker process 67
2024/07/16 16:27:58 [notice] 1#1: start worker process 68
2024/07/16 16:27:58 [notice] 1#1: start worker process 69
2024/07/16 16:27:58 [notice] 1#1: start worker process 70
2024/07/16 16:27:58 [notice] 1#1: start worker process 71
2024/07/16 16:27:58 [notice] 1#1: start worker process 72
2024/07/16 16:27:58 [notice] 47#47: gracefully shutting down
2024/07/16 16:27:58 [notice] 48#48: gracefully shutting down
2024/07/16 16:27:58 [notice] 51#51: gracefully shutting down
2024/07/16 16:27:58 [notice] 56#56: gracefully shutting down
2024/07/16 16:27:58 [notice] 55#55: gracefully shutting down
2024/07/16 16:27:58 [notice] 49#49: gracefully shutting down
2024/07/16 16:27:58 [notice] 50#50: gracefully shutting down
2024/07/16 16:27:58 [notice] 53#53: gracefully shutting down
2024/07/16 16:27:58 [notice] 52#52: gracefully shutting down
2024/07/16 16:27:58 [notice] 54#54: gracefully shutting down
2024/07/16 16:27:58 [notice] 47#47: exiting
2024/07/16 16:27:58 [notice] 48#48: exiting
2024/07/16 16:27:58 [notice] 51#51: exiting
2024/07/16 16:27:58 [notice] 48#48: exit
2024/07/16 16:27:58 [notice] 56#56: exiting
2024/07/16 16:27:58 [notice] 56#56: exit
2024/07/16 16:27:58 [notice] 55#55: exiting
2024/07/16 16:27:58 [notice] 49#49: exiting
2024/07/16 16:27:58 [notice] 55#55: exit
2024/07/16 16:27:58 [notice] 50#50: exiting
2024/07/16 16:27:58 [notice] 53#53: exiting
2024/07/16 16:27:58 [notice] 52#52: exiting
2024/07/16 16:27:58 [notice] 54#54: exiting
2024/07/16 16:27:58 [notice] 52#52: exit
2024/07/16 16:27:58 [notice] 47#47: exit
2024/07/16 16:27:58 [notice] 54#54: exit
2024/07/16 16:27:58 [notice] 51#51: exit
2024/07/16 16:27:58 [notice] 49#49: exit
2024/07/16 16:27:58 [notice] 50#50: exit
2024/07/16 16:27:58 [notice] 53#53: exit
2024/07/16 16:27:59 [notice] 1#1: signal 17 (SIGCHLD) received from 47
2024/07/16 16:27:59 [notice] 1#1: worker process 47 exited with code 0
2024/07/16 16:27:59 [notice] 1#1: worker process 54 exited with code 0
2024/07/16 16:27:59 [notice] 1#1: worker process 55 exited with code 0
2024/07/16 16:27:59 [notice] 1#1: signal 29 (SIGIO) received
2024/07/16 16:27:59 [notice] 1#1: signal 17 (SIGCHLD) received from 56
2024/07/16 16:27:59 [notice] 1#1: worker process 48 exited with code 0
2024/07/16 16:27:59 [notice] 1#1: worker process 49 exited with code 0
2024/07/16 16:27:59 [notice] 1#1: worker process 50 exited with code 0
2024/07/16 16:27:59 [notice] 1#1: worker process 51 exited with code 0
2024/07/16 16:27:59 [notice] 1#1: worker process 53 exited with code 0
2024/07/16 16:27:59 [notice] 1#1: worker process 56 exited with code 0
2024/07/16 16:27:59 [notice] 1#1: signal 29 (SIGIO) received
2024/07/16 16:27:59 [notice] 1#1: signal 17 (SIGCHLD) received from 53
2024/07/16 16:27:59 [notice] 1#1: signal 17 (SIGCHLD) received from 52
2024/07/16 16:27:59 [notice] 1#1: worker process 52 exited with code 0
2024/07/16 16:27:59 [notice] 1#1: signal 29 (SIGIO) received
